<?xml version="1.0" encoding="UTF-8"?>
<!-- Generated by org.testng.reporters.JUnitReportReporter -->
<testsuite hostname="FIN-IT-LT-236" failures="0" tests="1" name="TESTNG6.LoginTest2" time="12.265" errors="0" timestamp="2025-01-05T21:59:44 IST" skipped="0">
  <testcase classname="TESTNG6.LoginTest2" name="testLogin" time="12.265"/>
</testsuite> <!-- TESTNG6.LoginTest2 -->
