<?xml version="1.0" encoding="UTF-8"?>
<!-- Generated by org.testng.reporters.JUnitReportReporter -->
<testsuite hostname="FIN-IT-LT-236" failures="0" tests="1" name="TESTNG6.LoginTest" time="2.343" errors="0" timestamp="2025-01-05T17:31:52 IST" skipped="0">
  <testcase classname="TESTNG6.LoginTest" name="testLogin" time="2.343"/>
</testsuite> <!-- TESTNG6.LoginTest -->
