<?xml version="1.0" encoding="UTF-8"?>
<!-- Generated by org.testng.reporters.JUnitReportReporter -->
<testsuite hostname="FIN-IT-LT-236" failures="0" tests="3" name="TESTNG3.SignupTest" time="0.004" errors="0" timestamp="2024-12-24T23:13:27 IST" skipped="0">
  <testcase classname="TESTNG3.SignupTest" name="signupFaceBook" time="0.001"/>
  <testcase classname="TESTNG3.SignupTest" name="signupEmail" time="0.001"/>
  <testcase classname="TESTNG3.SignupTest" name="signupTwitter" time="0.002"/>
</testsuite> <!-- TESTNG3.SignupTest -->
