<?xml version="1.0" encoding="UTF-8"?>
<!-- Generated by org.testng.reporters.JUnitReportReporter -->
<testsuite hostname="FIN-IT-LT-236" failures="0" tests="2" name="TESTNG3.PaymentTest" time="0.006" errors="0" timestamp="2024-12-24T23:18:28 IST" skipped="0">
  <testcase classname="TESTNG3.PaymentTest" name="paymentInRupess" time="0.003"/>
  <testcase classname="TESTNG3.PaymentTest" name="paymentInDoller" time="0.003"/>
</testsuite> <!-- TESTNG3.PaymentTest -->
