<?xml version="1.0" encoding="UTF-8"?>
<!-- Generated by org.testng.reporters.JUnitReportReporter -->
<testsuite hostname="FIN-IT-LT-236" failures="0" tests="2" name="TESTNG1.AllAnnotation" time="0.009" errors="0" timestamp="2024-09-18T15:46:26 IST" skipped="0">
  <testcase classname="TESTNG1.AllAnnotation" name="Test1" time="0.008"/>
  <system-out/>
  <testcase classname="TESTNG1.AllAnnotation" name="Test2" time="0.001"/>
  <system-out/>
</testsuite> <!-- TESTNG1.AllAnnotation -->
