<?xml version="1.0" encoding="UTF-8"?>
<!-- Generated by org.testng.reporters.JUnitReportReporter -->
<testsuite hostname="FIN-IT-LT-236" failures="0" tests="2" name="TESTNG1.Test1" time="0.019" errors="0" timestamp="2024-09-18T14:52:12 IST" skipped="0">
  <testcase classname="TESTNG1.Test1" name="search" time="0.017"/>
  <system-out/>
  <testcase classname="TESTNG1.Test1" name="Adv_search" time="0.002"/>
  <system-out/>
</testsuite> <!-- TESTNG1.Test1 -->
