<?xml version="1.0" encoding="UTF-8"?>
<!-- Generated by org.testng.reporters.JUnitReportReporter -->
<testsuite hostname="FIN-IT-LT-236" failures="0" tests="1" name="TESTNG.Test1" time="0.010" errors="0" timestamp="2024-09-17T18:18:34 IST" skipped="0">
  <testcase classname="TESTNG.Test1" name="login" time="0.010"/>
  <system-out/>
</testsuite> <!-- TESTNG.Test1 -->
