<?xml version="1.0" encoding="UTF-8"?>
<!-- Generated by org.testng.reporters.JUnitReportReporter -->
<testsuite hostname="FIN-IT-LT-236" failures="0" tests="4" name="TESTNG4.Dataprovider" time="3.828" errors="0" timestamp="2024-12-28T12:02:09 IST" skipped="0">
  <testcase classname="TESTNG4.Dataprovider" name="testLogin" time="1.484"/>
  <testcase classname="TESTNG4.Dataprovider" name="testLogin" time="0.779"/>
  <testcase classname="TESTNG4.Dataprovider" name="testLogin" time="0.747"/>
  <testcase classname="TESTNG4.Dataprovider" name="testLogin" time="0.818"/>
</testsuite> <!-- TESTNG4.Dataprovider -->
