<?xml version="1.0" encoding="UTF-8"?>
<!-- Generated by org.testng.reporters.JUnitReportReporter -->
<testsuite hostname="FIN-IT-LT-236" failures="0" tests="2" name="TESTNG1.Before_Class" time="0.011" errors="0" timestamp="2024-09-18T15:03:31 IST" skipped="0">
  <testcase classname="TESTNG1.Before_Class" name="search" time="0.009"/>
  <system-out/>
  <testcase classname="TESTNG1.Before_Class" name="Adv_search" time="0.002"/>
  <system-out/>
</testsuite> <!-- TESTNG1.Before_Class -->
