<?xml version="1.0" encoding="UTF-8"?>
<!-- Generated by org.testng.reporters.JUnitReportReporter -->
<testsuite hostname="FIN-IT-LT-236" failures="0" tests="2" name="TESTNG1.C3" time="0.003" errors="0" timestamp="2024-09-18T15:37:38 IST" skipped="0">
  <testcase classname="TESTNG1.C3" name="C3Test" time="0.002"/>
  <system-out/>
  <testcase classname="TESTNG1.C3" name="C3Test" time="0.001"/>
  <system-out/>
</testsuite> <!-- TESTNG1.C3 -->
