<?xml version="1.0" encoding="UTF-8"?>
<!-- Generated by org.testng.reporters.JUnitReportReporter -->
<testsuite hostname="FIN-IT-LT-236" failures="0" tests="3" name="TESTNG3.LoginTest" time="0.018" errors="0" timestamp="2024-12-28T21:47:33 IST" skipped="0">
  <testcase classname="TESTNG3.LoginTest" name="loginfacebook" time="0.012"/>
  <testcase classname="TESTNG3.LoginTest" name="loginEmail" time="0.003"/>
  <testcase classname="TESTNG3.LoginTest" name="loginTwitter" time="0.003"/>
</testsuite> <!-- TESTNG3.LoginTest -->
