<?xml version="1.0" encoding="UTF-8"?>
<!-- Generated by org.testng.reporters.JUnitReportReporter -->
<testsuite hostname="FIN-IT-LT-236" failures="0" tests="1" name="testCase.TC002_Login_page" time="1.596" errors="0" timestamp="2025-02-14T15:10:26 IST" skipped="0">
  <testcase classname="testCase.TC002_Login_page" name="verify_login" time="1.596"/>
</testsuite> <!-- testCase.TC002_Login_page -->
