<?xml version="1.0" encoding="UTF-8"?>
<!-- Generated by org.testng.reporters.JUnitReportReporter -->
<testsuite hostname="FIN-IT-LT-236" failures="0" tests="1" name="testCase.TC001_Account_Reg" time="2.064" errors="0" timestamp="2025-02-14T15:10:26 IST" skipped="0">
  <testcase classname="testCase.TC001_Account_Reg" name="verify_acount_reg" time="2.064"/>
</testsuite> <!-- testCase.TC001_Account_Reg -->
